2024-03-05 09:02:20,304{GMT}	INFO	[jepsen test runner] jepsen.core: Test version 34ec86b55bf356841474832bbdf981be18ae137c (plus uncommitted changes)
2024-03-05 09:02:20,304{GMT}	INFO	[jepsen test runner] jepsen.core: Command line:
lein run test -w echo --bin /Users/rohanvirmani/go/bin/maelstrom-echo --node-count 1 --time-limit 10
2024-03-05 09:02:20,334{GMT}	INFO	[jepsen test runner] jepsen.core: Running test:
{:args []
 :remote
 #jepsen.control.retry.Remote{:remote #jepsen.control.scp.Remote{:cmd-remote #jepsen.control.sshj.SSHJRemote{:concurrency-limit 6,
                                                                                                             :conn-spec nil,
                                                                                                             :client nil,
                                                                                                             :semaphore nil},
                                                                 :conn-spec nil},
                              :conn nil}
 :log-net-send false
 :node-count 1
 :availability nil
 :max-txn-length 4
 :concurrency 1
 :db
 #object[maelstrom.db$db$reify__16142
         "0x686279e0"
         "maelstrom.db$db$reify__16142@686279e0"]
 :max-writes-per-key 16
 :leave-db-running? false
 :name "echo"
 :logging-json? false
 :start-time
 #object[org.joda.time.DateTime "0x3b42d7df" "2024-03-05T09:02:20.285-08:00"]
 :nemesis-interval 10
 :net
 #object[maelstrom.net$jepsen_net$reify__15251
         "0x1660bba7"
         "maelstrom.net$jepsen_net$reify__15251@1660bba7"]
 :client
 #object[maelstrom.workload.echo$client$reify__16863
         "0x29cd48bd"
         "maelstrom.workload.echo$client$reify__16863@29cd48bd"]
 :barrier
 #object[java.util.concurrent.CyclicBarrier
         "0x49e3b86b"
         "java.util.concurrent.CyclicBarrier@49e3b86b"]
 :log-stderr false
 :pure-generators true
 :ssh {:dummy? true}
 :rate 5
 :checker
 #object[jepsen.checker$compose$reify__11881
         "0x64b262a7"
         "jepsen.checker$compose$reify__11881@64b262a7"]
 :argv
 ("test"
  "-w"
  "echo"
  "--bin"
  "/Users/rohanvirmani/go/bin/maelstrom-echo"
  "--node-count"
  "1"
  "--time-limit"
  "10")
 :nemesis
 (jepsen.nemesis.ReflCompose
  {:fm {:start-partition 0,
        :stop-partition 0,
        :kill 1,
        :start 1,
        :pause 1,
        :resume 1},
   :nemeses [#unprintable "jepsen.nemesis.combined$partition_nemesis$reify__16416@771c4015"
             #unprintable "jepsen.nemesis.combined$db_nemesis$reify__16397@34d776eb"]})
 :nodes ["n0"]
 :test-count 1
 :latency {:mean 0, :dist :constant}
 :bin "/Users/rohanvirmani/go/bin/maelstrom-echo"
 :generator
 (jepsen.generator.TimeLimit
  {:limit 10000000000,
   :cutoff nil,
   :gen (jepsen.generator.Any
         {:gens [(jepsen.generator.OnThreads
                  {:f #{:nemesis},
                   :context-filter #object[jepsen.generator.context$make_thread_filter$lazy_filter__9167
                                           "0x61d1315b"
                                           "jepsen.generator.context$make_thread_filter$lazy_filter__9167@61d1315b"],
                   :gen nil})
                 (jepsen.generator.OnThreads
                  {:f #jepsen.generator.context.AllBut{:element :nemesis},
                   :context-filter #object[jepsen.generator.context$make_thread_filter$lazy_filter__9167
                                           "0x49d5b651"
                                           "jepsen.generator.context$make_thread_filter$lazy_filter__9167@49d5b651"],
                   :gen (jepsen.generator.Stagger
                         {:dt 400000000,
                          :next-time nil,
                          :gen (jepsen.generator.EachThread
                                {:fresh-gen #object[maelstrom.workload.echo$workload$fn__16882
                                                    "0x34989ceb"
                                                    "maelstrom.workload.echo$workload$fn__16882@34989ceb"],
                                 :context-filters #object[clojure.core$promise$reify__8591
                                                          "0x61fb3dae"
                                                          {:status :pending,
                                                           :val nil}],
                                 :gens {}})})})]})})
 :log-net-recv false
 :os
 #object[maelstrom.net$jepsen_os$reify__15254
         "0x9c88323"
         "maelstrom.net$jepsen_os$reify__15254@9c88323"]
 :time-limit 10
 :workload :echo
 :consistency-models [:strict-serializable]
 :topology :grid}

2024-03-05 09:02:21,057{GMT}	INFO	[jepsen node n0] maelstrom.net: Starting Maelstrom network
2024-03-05 09:02:21,057{GMT}	INFO	[jepsen test runner] jepsen.db: Tearing down DB
2024-03-05 09:02:21,058{GMT}	INFO	[jepsen test runner] jepsen.db: Setting up DB
2024-03-05 09:02:21,059{GMT}	INFO	[jepsen node n0] maelstrom.service: Starting services: (lin-kv lin-tso lww-kv seq-kv)
2024-03-05 09:02:21,060{GMT}	INFO	[jepsen node n0] maelstrom.db: Setting up n0
2024-03-05 09:02:21,060{GMT}	INFO	[jepsen node n0] maelstrom.process: launching /Users/rohanvirmani/go/bin/maelstrom-echo []
2024-03-05 09:02:21,353{GMT}	INFO	[jepsen test runner] jepsen.core: Relative time begins now
2024-03-05 09:02:21,375{GMT}	INFO	[jepsen worker 0] jepsen.util: 0	:invoke	:echo	"Please echo 84"
2024-03-05 09:02:21,379{GMT}	INFO	[jepsen worker 0] jepsen.util: 0	:ok	:echo	{:echo "Please echo 84", :in_reply_to 1, :msg_id 1, :type "echo_ok"}
2024-03-05 09:02:21,485{GMT}	INFO	[jepsen worker 0] jepsen.util: 0	:invoke	:echo	"Please echo 125"
2024-03-05 09:02:21,485{GMT}	INFO	[jepsen worker 0] jepsen.util: 0	:ok	:echo	{:echo "Please echo 125", :in_reply_to 2, :msg_id 2, :type "echo_ok"}
2024-03-05 09:02:21,627{GMT}	INFO	[jepsen worker 0] jepsen.util: 0	:invoke	:echo	"Please echo 66"
2024-03-05 09:02:21,630{GMT}	INFO	[jepsen worker 0] jepsen.util: 0	:ok	:echo	{:echo "Please echo 66", :in_reply_to 3, :msg_id 3, :type "echo_ok"}
2024-03-05 09:02:21,630{GMT}	INFO	[jepsen worker 0] jepsen.util: 0	:invoke	:echo	"Please echo 31"
2024-03-05 09:02:21,632{GMT}	INFO	[jepsen worker 0] jepsen.util: 0	:ok	:echo	{:echo "Please echo 31", :in_reply_to 4, :msg_id 4, :type "echo_ok"}
2024-03-05 09:02:21,786{GMT}	INFO	[jepsen worker 0] jepsen.util: 0	:invoke	:echo	"Please echo 122"
2024-03-05 09:02:21,789{GMT}	INFO	[jepsen worker 0] jepsen.util: 0	:ok	:echo	{:echo "Please echo 122", :in_reply_to 5, :msg_id 5, :type "echo_ok"}
2024-03-05 09:02:22,174{GMT}	INFO	[jepsen worker 0] jepsen.util: 0	:invoke	:echo	"Please echo 38"
2024-03-05 09:02:22,178{GMT}	INFO	[jepsen worker 0] jepsen.util: 0	:ok	:echo	{:echo "Please echo 38", :in_reply_to 6, :msg_id 6, :type "echo_ok"}
2024-03-05 09:02:22,338{GMT}	INFO	[jepsen worker 0] jepsen.util: 0	:invoke	:echo	"Please echo 11"
2024-03-05 09:02:22,345{GMT}	INFO	[jepsen worker 0] jepsen.util: 0	:ok	:echo	{:echo "Please echo 11", :in_reply_to 7, :msg_id 7, :type "echo_ok"}
2024-03-05 09:02:22,412{GMT}	INFO	[jepsen worker 0] jepsen.util: 0	:invoke	:echo	"Please echo 111"
2024-03-05 09:02:22,413{GMT}	INFO	[jepsen worker 0] jepsen.util: 0	:ok	:echo	{:echo "Please echo 111", :in_reply_to 8, :msg_id 8, :type "echo_ok"}
2024-03-05 09:02:22,479{GMT}	INFO	[jepsen worker 0] jepsen.util: 0	:invoke	:echo	"Please echo 54"
2024-03-05 09:02:22,483{GMT}	INFO	[jepsen worker 0] jepsen.util: 0	:ok	:echo	{:echo "Please echo 54", :in_reply_to 9, :msg_id 9, :type "echo_ok"}
2024-03-05 09:02:22,510{GMT}	INFO	[jepsen worker 0] jepsen.util: 0	:invoke	:echo	"Please echo 30"
2024-03-05 09:02:22,511{GMT}	INFO	[jepsen worker 0] jepsen.util: 0	:ok	:echo	{:echo "Please echo 30", :in_reply_to 10, :msg_id 10, :type "echo_ok"}
2024-03-05 09:02:22,816{GMT}	INFO	[jepsen worker 0] jepsen.util: 0	:invoke	:echo	"Please echo 2"
2024-03-05 09:02:22,818{GMT}	INFO	[jepsen worker 0] jepsen.util: 0	:ok	:echo	{:echo "Please echo 2", :in_reply_to 11, :msg_id 11, :type "echo_ok"}
2024-03-05 09:02:22,950{GMT}	INFO	[jepsen worker 0] jepsen.util: 0	:invoke	:echo	"Please echo 23"
2024-03-05 09:02:22,952{GMT}	INFO	[jepsen worker 0] jepsen.util: 0	:ok	:echo	{:echo "Please echo 23", :in_reply_to 12, :msg_id 12, :type "echo_ok"}
2024-03-05 09:02:23,238{GMT}	INFO	[jepsen worker 0] jepsen.util: 0	:invoke	:echo	"Please echo 52"
2024-03-05 09:02:23,241{GMT}	INFO	[jepsen worker 0] jepsen.util: 0	:ok	:echo	{:echo "Please echo 52", :in_reply_to 13, :msg_id 13, :type "echo_ok"}
2024-03-05 09:02:23,276{GMT}	INFO	[jepsen worker 0] jepsen.util: 0	:invoke	:echo	"Please echo 21"
2024-03-05 09:02:23,279{GMT}	INFO	[jepsen worker 0] jepsen.util: 0	:ok	:echo	{:echo "Please echo 21", :in_reply_to 14, :msg_id 14, :type "echo_ok"}
2024-03-05 09:02:23,635{GMT}	INFO	[jepsen worker 0] jepsen.util: 0	:invoke	:echo	"Please echo 26"
2024-03-05 09:02:23,638{GMT}	INFO	[jepsen worker 0] jepsen.util: 0	:ok	:echo	{:echo "Please echo 26", :in_reply_to 15, :msg_id 15, :type "echo_ok"}
2024-03-05 09:02:24,024{GMT}	INFO	[jepsen worker 0] jepsen.util: 0	:invoke	:echo	"Please echo 97"
2024-03-05 09:02:24,028{GMT}	INFO	[jepsen worker 0] jepsen.util: 0	:ok	:echo	{:echo "Please echo 97", :in_reply_to 16, :msg_id 16, :type "echo_ok"}
2024-03-05 09:02:24,179{GMT}	INFO	[jepsen worker 0] jepsen.util: 0	:invoke	:echo	"Please echo 8"
2024-03-05 09:02:24,181{GMT}	INFO	[jepsen worker 0] jepsen.util: 0	:ok	:echo	{:echo "Please echo 8", :in_reply_to 17, :msg_id 17, :type "echo_ok"}
2024-03-05 09:02:24,449{GMT}	INFO	[jepsen worker 0] jepsen.util: 0	:invoke	:echo	"Please echo 17"
2024-03-05 09:02:24,453{GMT}	INFO	[jepsen worker 0] jepsen.util: 0	:ok	:echo	{:echo "Please echo 17", :in_reply_to 18, :msg_id 18, :type "echo_ok"}
2024-03-05 09:02:24,826{GMT}	INFO	[jepsen worker 0] jepsen.util: 0	:invoke	:echo	"Please echo 97"
2024-03-05 09:02:24,828{GMT}	INFO	[jepsen worker 0] jepsen.util: 0	:ok	:echo	{:echo "Please echo 97", :in_reply_to 19, :msg_id 19, :type "echo_ok"}
2024-03-05 09:02:24,949{GMT}	INFO	[jepsen worker 0] jepsen.util: 0	:invoke	:echo	"Please echo 1"
2024-03-05 09:02:24,953{GMT}	INFO	[jepsen worker 0] jepsen.util: 0	:ok	:echo	{:echo "Please echo 1", :in_reply_to 20, :msg_id 20, :type "echo_ok"}
2024-03-05 09:02:25,006{GMT}	INFO	[jepsen worker 0] jepsen.util: 0	:invoke	:echo	"Please echo 0"
2024-03-05 09:02:25,009{GMT}	INFO	[jepsen worker 0] jepsen.util: 0	:ok	:echo	{:echo "Please echo 0", :in_reply_to 21, :msg_id 21, :type "echo_ok"}
2024-03-05 09:02:25,341{GMT}	INFO	[jepsen worker 0] jepsen.util: 0	:invoke	:echo	"Please echo 88"
2024-03-05 09:02:25,345{GMT}	INFO	[jepsen worker 0] jepsen.util: 0	:ok	:echo	{:echo "Please echo 88", :in_reply_to 22, :msg_id 22, :type "echo_ok"}
2024-03-05 09:02:25,538{GMT}	INFO	[jepsen worker 0] jepsen.util: 0	:invoke	:echo	"Please echo 90"
2024-03-05 09:02:25,543{GMT}	INFO	[jepsen worker 0] jepsen.util: 0	:ok	:echo	{:echo "Please echo 90", :in_reply_to 23, :msg_id 23, :type "echo_ok"}
2024-03-05 09:02:25,856{GMT}	INFO	[jepsen worker 0] jepsen.util: 0	:invoke	:echo	"Please echo 71"
2024-03-05 09:02:25,860{GMT}	INFO	[jepsen worker 0] jepsen.util: 0	:ok	:echo	{:echo "Please echo 71", :in_reply_to 24, :msg_id 24, :type "echo_ok"}
2024-03-05 09:02:26,021{GMT}	INFO	[jepsen worker 0] jepsen.util: 0	:invoke	:echo	"Please echo 109"
2024-03-05 09:02:26,024{GMT}	INFO	[jepsen worker 0] jepsen.util: 0	:ok	:echo	{:echo "Please echo 109", :in_reply_to 25, :msg_id 25, :type "echo_ok"}
2024-03-05 09:02:26,419{GMT}	INFO	[jepsen worker 0] jepsen.util: 0	:invoke	:echo	"Please echo 84"
2024-03-05 09:02:26,422{GMT}	INFO	[jepsen worker 0] jepsen.util: 0	:ok	:echo	{:echo "Please echo 84", :in_reply_to 26, :msg_id 26, :type "echo_ok"}
2024-03-05 09:02:26,449{GMT}	INFO	[jepsen worker 0] jepsen.util: 0	:invoke	:echo	"Please echo 118"
2024-03-05 09:02:26,451{GMT}	INFO	[jepsen worker 0] jepsen.util: 0	:ok	:echo	{:echo "Please echo 118", :in_reply_to 27, :msg_id 27, :type "echo_ok"}
2024-03-05 09:02:26,593{GMT}	INFO	[jepsen worker 0] jepsen.util: 0	:invoke	:echo	"Please echo 8"
2024-03-05 09:02:26,596{GMT}	INFO	[jepsen worker 0] jepsen.util: 0	:ok	:echo	{:echo "Please echo 8", :in_reply_to 28, :msg_id 28, :type "echo_ok"}
2024-03-05 09:02:26,750{GMT}	INFO	[jepsen worker 0] jepsen.util: 0	:invoke	:echo	"Please echo 86"
2024-03-05 09:02:26,754{GMT}	INFO	[jepsen worker 0] jepsen.util: 0	:ok	:echo	{:echo "Please echo 86", :in_reply_to 29, :msg_id 29, :type "echo_ok"}
2024-03-05 09:02:26,976{GMT}	INFO	[jepsen worker 0] jepsen.util: 0	:invoke	:echo	"Please echo 25"
2024-03-05 09:02:26,979{GMT}	INFO	[jepsen worker 0] jepsen.util: 0	:ok	:echo	{:echo "Please echo 25", :in_reply_to 30, :msg_id 30, :type "echo_ok"}
2024-03-05 09:02:27,085{GMT}	INFO	[jepsen worker 0] jepsen.util: 0	:invoke	:echo	"Please echo 34"
2024-03-05 09:02:27,088{GMT}	INFO	[jepsen worker 0] jepsen.util: 0	:ok	:echo	{:echo "Please echo 34", :in_reply_to 31, :msg_id 31, :type "echo_ok"}
2024-03-05 09:02:27,202{GMT}	INFO	[jepsen worker 0] jepsen.util: 0	:invoke	:echo	"Please echo 60"
2024-03-05 09:02:27,205{GMT}	INFO	[jepsen worker 0] jepsen.util: 0	:ok	:echo	{:echo "Please echo 60", :in_reply_to 32, :msg_id 32, :type "echo_ok"}
2024-03-05 09:02:27,248{GMT}	INFO	[jepsen worker 0] jepsen.util: 0	:invoke	:echo	"Please echo 42"
2024-03-05 09:02:27,251{GMT}	INFO	[jepsen worker 0] jepsen.util: 0	:ok	:echo	{:echo "Please echo 42", :in_reply_to 33, :msg_id 33, :type "echo_ok"}
2024-03-05 09:02:27,415{GMT}	INFO	[jepsen worker 0] jepsen.util: 0	:invoke	:echo	"Please echo 26"
2024-03-05 09:02:27,419{GMT}	INFO	[jepsen worker 0] jepsen.util: 0	:ok	:echo	{:echo "Please echo 26", :in_reply_to 34, :msg_id 34, :type "echo_ok"}
2024-03-05 09:02:27,458{GMT}	INFO	[jepsen worker 0] jepsen.util: 0	:invoke	:echo	"Please echo 24"
2024-03-05 09:02:27,460{GMT}	INFO	[jepsen worker 0] jepsen.util: 0	:ok	:echo	{:echo "Please echo 24", :in_reply_to 35, :msg_id 35, :type "echo_ok"}
2024-03-05 09:02:27,567{GMT}	INFO	[jepsen worker 0] jepsen.util: 0	:invoke	:echo	"Please echo 37"
2024-03-05 09:02:27,572{GMT}	INFO	[jepsen worker 0] jepsen.util: 0	:ok	:echo	{:echo "Please echo 37", :in_reply_to 36, :msg_id 36, :type "echo_ok"}
2024-03-05 09:02:27,746{GMT}	INFO	[jepsen worker 0] jepsen.util: 0	:invoke	:echo	"Please echo 54"
2024-03-05 09:02:27,752{GMT}	INFO	[jepsen worker 0] jepsen.util: 0	:ok	:echo	{:echo "Please echo 54", :in_reply_to 37, :msg_id 37, :type "echo_ok"}
2024-03-05 09:02:28,080{GMT}	INFO	[jepsen worker 0] jepsen.util: 0	:invoke	:echo	"Please echo 102"
2024-03-05 09:02:28,086{GMT}	INFO	[jepsen worker 0] jepsen.util: 0	:ok	:echo	{:echo "Please echo 102", :in_reply_to 38, :msg_id 38, :type "echo_ok"}
2024-03-05 09:02:28,421{GMT}	INFO	[jepsen worker 0] jepsen.util: 0	:invoke	:echo	"Please echo 49"
2024-03-05 09:02:28,427{GMT}	INFO	[jepsen worker 0] jepsen.util: 0	:ok	:echo	{:echo "Please echo 49", :in_reply_to 39, :msg_id 39, :type "echo_ok"}
2024-03-05 09:02:28,772{GMT}	INFO	[jepsen worker 0] jepsen.util: 0	:invoke	:echo	"Please echo 54"
2024-03-05 09:02:28,775{GMT}	INFO	[jepsen worker 0] jepsen.util: 0	:ok	:echo	{:echo "Please echo 54", :in_reply_to 40, :msg_id 40, :type "echo_ok"}
2024-03-05 09:02:29,165{GMT}	INFO	[jepsen worker 0] jepsen.util: 0	:invoke	:echo	"Please echo 70"
2024-03-05 09:02:29,169{GMT}	INFO	[jepsen worker 0] jepsen.util: 0	:ok	:echo	{:echo "Please echo 70", :in_reply_to 41, :msg_id 41, :type "echo_ok"}
2024-03-05 09:02:29,266{GMT}	INFO	[jepsen worker 0] jepsen.util: 0	:invoke	:echo	"Please echo 68"
2024-03-05 09:02:29,269{GMT}	INFO	[jepsen worker 0] jepsen.util: 0	:ok	:echo	{:echo "Please echo 68", :in_reply_to 42, :msg_id 42, :type "echo_ok"}
2024-03-05 09:02:29,418{GMT}	INFO	[jepsen worker 0] jepsen.util: 0	:invoke	:echo	"Please echo 69"
2024-03-05 09:02:29,421{GMT}	INFO	[jepsen worker 0] jepsen.util: 0	:ok	:echo	{:echo "Please echo 69", :in_reply_to 43, :msg_id 43, :type "echo_ok"}
2024-03-05 09:02:29,740{GMT}	INFO	[jepsen worker 0] jepsen.util: 0	:invoke	:echo	"Please echo 72"
2024-03-05 09:02:29,743{GMT}	INFO	[jepsen worker 0] jepsen.util: 0	:ok	:echo	{:echo "Please echo 72", :in_reply_to 44, :msg_id 44, :type "echo_ok"}
2024-03-05 09:02:29,863{GMT}	INFO	[jepsen worker 0] jepsen.util: 0	:invoke	:echo	"Please echo 84"
2024-03-05 09:02:29,865{GMT}	INFO	[jepsen worker 0] jepsen.util: 0	:ok	:echo	{:echo "Please echo 84", :in_reply_to 45, :msg_id 45, :type "echo_ok"}
2024-03-05 09:02:29,932{GMT}	INFO	[jepsen worker 0] jepsen.util: 0	:invoke	:echo	"Please echo 63"
2024-03-05 09:02:29,934{GMT}	INFO	[jepsen worker 0] jepsen.util: 0	:ok	:echo	{:echo "Please echo 63", :in_reply_to 46, :msg_id 46, :type "echo_ok"}
2024-03-05 09:02:30,232{GMT}	INFO	[jepsen worker 0] jepsen.util: 0	:invoke	:echo	"Please echo 5"
2024-03-05 09:02:30,234{GMT}	INFO	[jepsen worker 0] jepsen.util: 0	:ok	:echo	{:echo "Please echo 5", :in_reply_to 47, :msg_id 47, :type "echo_ok"}
2024-03-05 09:02:30,407{GMT}	INFO	[jepsen worker 0] jepsen.util: 0	:invoke	:echo	"Please echo 38"
2024-03-05 09:02:30,409{GMT}	INFO	[jepsen worker 0] jepsen.util: 0	:ok	:echo	{:echo "Please echo 38", :in_reply_to 48, :msg_id 48, :type "echo_ok"}
2024-03-05 09:02:30,496{GMT}	INFO	[jepsen worker 0] jepsen.util: 0	:invoke	:echo	"Please echo 127"
2024-03-05 09:02:30,499{GMT}	INFO	[jepsen worker 0] jepsen.util: 0	:ok	:echo	{:echo "Please echo 127", :in_reply_to 49, :msg_id 49, :type "echo_ok"}
2024-03-05 09:02:30,576{GMT}	INFO	[jepsen worker 0] jepsen.util: 0	:invoke	:echo	"Please echo 63"
2024-03-05 09:02:30,578{GMT}	INFO	[jepsen worker 0] jepsen.util: 0	:ok	:echo	{:echo "Please echo 63", :in_reply_to 50, :msg_id 50, :type "echo_ok"}
2024-03-05 09:02:30,795{GMT}	INFO	[jepsen worker 0] jepsen.util: 0	:invoke	:echo	"Please echo 20"
2024-03-05 09:02:30,799{GMT}	INFO	[jepsen worker 0] jepsen.util: 0	:ok	:echo	{:echo "Please echo 20", :in_reply_to 51, :msg_id 51, :type "echo_ok"}
2024-03-05 09:02:30,946{GMT}	INFO	[jepsen worker 0] jepsen.util: 0	:invoke	:echo	"Please echo 34"
2024-03-05 09:02:30,950{GMT}	INFO	[jepsen worker 0] jepsen.util: 0	:ok	:echo	{:echo "Please echo 34", :in_reply_to 52, :msg_id 52, :type "echo_ok"}
2024-03-05 09:02:31,287{GMT}	INFO	[jepsen worker 0] jepsen.util: 0	:invoke	:echo	"Please echo 123"
2024-03-05 09:02:31,290{GMT}	INFO	[jepsen worker 0] jepsen.util: 0	:ok	:echo	{:echo "Please echo 123", :in_reply_to 53, :msg_id 53, :type "echo_ok"}
2024-03-05 09:02:31,308{GMT}	INFO	[jepsen test runner] jepsen.core: Run complete, writing
2024-03-05 09:02:31,344{GMT}	INFO	[jepsen node n0] maelstrom.db: Tearing down n0
2024-03-05 09:02:33,105{GMT}	INFO	[jepsen node n0] maelstrom.net: Shutting down Maelstrom network
2024-03-05 09:02:33,106{GMT}	INFO	[jepsen test runner] jepsen.core: Analyzing...
2024-03-05 09:02:37,397{GMT}	INFO	[jepsen test runner] jepsen.core: Analysis complete
2024-03-05 09:02:37,403{GMT}	INFO	[jepsen results] jepsen.store: Wrote /Users/rohanvirmani/Desktop/repo/dist-systems-challenges/maelstrom-echo/maelstrom/store/echo/20240305T090220.285-0800/results.edn
2024-03-05 09:02:37,426{GMT}	INFO	[jepsen test runner] jepsen.core: {:perf {:latency-graph {:valid? true},
        :rate-graph {:valid? true},
        :valid? true},
 :timeline {:valid? true},
 :exceptions {:valid? true},
 :stats {:valid? true,
         :count 53,
         :ok-count 53,
         :fail-count 0,
         :info-count 0,
         :by-f {:echo {:valid? true,
                       :count 53,
                       :ok-count 53,
                       :fail-count 0,
                       :info-count 0}}},
 :availability {:valid? true, :ok-fraction 1.0},
 :net {:all {:send-count 108,
             :recv-count 108,
             :msg-count 108,
             :msgs-per-op 2.037736},
       :clients {:send-count 108, :recv-count 108, :msg-count 108},
       :servers {:send-count 0,
                 :recv-count 0,
                 :msg-count 0,
                 :msgs-per-op 0.0},
       :valid? true},
 :workload {:valid? true, :errors ()},
 :valid? true}


Everything looks good! ヽ(‘ー`)ノ
